#
# A fatal error has been detected by the Java Runtime Environment:
#
#  Internal Error (os_windows_x86.cpp:114), pid=4560, tid=3868
#  Error: guarantee(result == -1,"Unexpected result from topLevelExceptionFilter")
#
# JRE version: 6.0_17-b04
# Java VM: Java HotSpot(TM) 64-Bit Server VM (14.3-b01 mixed mode windows-amd64 )
# If you would like to submit a bug report, please visit:
#   http://java.sun.com/webapps/bugreport/crash.jsp
# The crash happened outside the Java Virtual Machine in native code.
# See problematic frame for where to report the bug.
#

---------------  T H R E A D  ---------------

Current thread (0x0000000005253800):  JavaThread "main" [_thread_in_native, id=3868, stack(0x0000000000220000,0x0000000004220000)]

Stack: [0x0000000000220000,0x0000000004220000]
[error occurred during error reporting (printing stack bounds), id 0xc0000005]

Java frames: (J=compiled Java code, j=interpreted, Vv=VM code)
j  com.mathworks.jmi.NativeMatlab.ProcessPendingEvents()Z+0
j  com.mathworks.jmi.NativeMatlab.processPendingEvents()Z+8
j  com.mathworks.jmi.Matlab$ProcessPendingEvents.callBooleanMethod(Ljava/lang/Object;)Z+0
j  com.mathworks.util.FactoryUtils.processPendingEvents()Z+12
j  com.mathworks.widgets.desk.Desktop.canClose()Z+38
j  com.mathworks.mde.desk.MLDesktop.canClose()Z+113
j  com.mathworks.mde.desk.MLDesktop$2.call()Ljava/lang/Boolean;+4
j  com.mathworks.mde.desk.MLDesktop$2.call()Ljava/lang/Object;+1
j  com.mathworks.jmi.Matlab.isOkToExit()Z+54
v  ~StubRoutines::call_stub
j  com.mathworks.jmi.NativeMatlab.SendMatlabMessage(Ljava/lang/Object;)Ljava/lang/Object;+0
j  com.mathworks.jmi.NativeMatlab.sendMatlabMessage(Ljava/lang/Object;)Ljava/lang/Object;+22
j  com.mathworks.jmi.MatlabLooper.sendMatlabMessage(Lcom/mathworks/services/message/MWMessage;)Ljava/lang/Object;+20
j  com.mathworks.jmi.Matlab.mtFevalConsoleOutput(Ljava/lang/String;[Ljava/lang/Object;I)Ljava/lang/Object;+58
j  com.mathworks.mde.desk.MLDesktop$9.run()V+14
j  com.mathworks.jmi.NativeMatlab.dispatchMTRequests(Z)V+57
v  ~StubRoutines::call_stub

---------------  P R O C E S S  ---------------

Java Threads: ( => current thread )
  0x000000006eac1000 JavaThread "Thread-67" [_thread_in_native, id=6428, stack(0x0000000027020000,0x00000000270a0000)]
  0x000000006e621000 JavaThread "Prefs Updater" daemon [_thread_blocked, id=6392, stack(0x0000000026ec0000,0x0000000026f40000)]
  0x000000006e623000 JavaThread "Timer-InstrumentReadWritePoll" [_thread_blocked, id=5452, stack(0x0000000008a50000,0x0000000008ad0000)]
  0x000000006e625800 JavaThread "Active Reference Queue Daemon" daemon [_thread_blocked, id=4992, stack(0x0000000026b00000,0x0000000026b80000)]
  0x000000006e621800 JavaThread "Timer-28" daemon [_thread_blocked, id=6016, stack(0x0000000025a50000,0x0000000025ad0000)]
  0x000000006e624000 JavaThread "Timer-8" daemon [_thread_blocked, id=2952, stack(0x0000000067e40000,0x0000000067ec0000)]
  0x000000006e622800 JavaThread "Explorer NavigationContext request queue" [_thread_blocked, id=2916, stack(0x0000000067d50000,0x0000000067dd0000)]
  0x000000006e620000 JavaThread "AddressBar directory emptiness poller" [_thread_blocked, id=5364, stack(0x0000000064df0000,0x0000000064e70000)]
  0x000000006e61f000 JavaThread "Timer-1" [_thread_blocked, id=2780, stack(0x0000000064bf0000,0x0000000064c70000)]
  0x000000006e61e000 JavaThread "TimerQueue" daemon [_thread_blocked, id=1548, stack(0x000000000fc10000,0x000000000fc90000)]
  0x000000006e5fc800 JavaThread "FelixPackageAdmin" daemon [_thread_blocked, id=6084, stack(0x000000000ed10000,0x000000000ed90000)]
  0x000000006e5fc000 JavaThread "FelixStartLevel" daemon [_thread_blocked, id=5220, stack(0x0000000015090000,0x0000000015110000)]
  0x000000006e371800 JavaThread "FelixDispatchQueue" daemon [_thread_blocked, id=5780, stack(0x0000000019160000,0x00000000191e0000)]
  0x000000006e502800 JavaThread "AWT-EventQueue-0" [_thread_in_Java, id=3796, stack(0x000000000fe90000,0x000000000ff10000)]
  0x000000006e501800 JavaThread "com.google.common.base.internal.Finalizer" daemon [_thread_blocked, id=2196, stack(0x0000000014fe0000,0x0000000015060000)]
  0x000000000f5be000 JavaThread "AWT-Windows" daemon [_thread_in_native, id=4568, stack(0x000000000fe10000,0x000000000fe90000)]
  0x000000000f5bd800 JavaThread "AWT-Shutdown" [_thread_blocked, id=3208, stack(0x000000000fd60000,0x000000000fde0000)]
  0x000000006e4b0800 JavaThread "Java2D Disposer" daemon [_thread_blocked, id=2896, stack(0x000000000fcb0000,0x000000000fd30000)]
  0x000000006df23800 JavaThread "Timer-0" [_thread_blocked, id=1172, stack(0x000000000ef00000,0x000000000ef80000)]
  0x000000006de20800 JavaThread "EventMgr Dispatcher" daemon [_thread_in_native, id=4744, stack(0x0000000010fa0000,0x0000000014fa0000)]
  0x000000000eaab000 JavaThread "Low Memory Detector" daemon [_thread_blocked, id=2732, stack(0x000000000ed90000,0x000000000ee10000)]
  0x000000000eaa4800 JavaThread "CompilerThread1" daemon [_thread_blocked, id=5916, stack(0x00000000945a0000,0x00000000985a0000)]
  0x000000000ea9e800 JavaThread "CompilerThread0" daemon [_thread_blocked, id=5532, stack(0x0000000090460000,0x0000000094460000)]
  0x000000000ea9d800 JavaThread "Attach Listener" daemon [_thread_blocked, id=5332, stack(0x000000000ebe0000,0x000000000ec60000)]
  0x000000000ea45000 JavaThread "Finalizer" daemon [_thread_blocked, id=2556, stack(0x000000000ec60000,0x000000000ece0000)]
  0x00000000052df800 JavaThread "Reference Handler" daemon [_thread_blocked, id=3644, stack(0x000000000e7c0000,0x000000000e840000)]
=>0x0000000005253800 JavaThread "main" [_thread_in_native, id=3868, stack(0x0000000000220000,0x0000000004220000)]

Other Threads:
  0x00000000052de000 VMThread [stack: 0x000000008c320000,0x0000000090320000] [id=4680]
  0x000000000ead0800 WatcherThread [stack: 0x0000000098730000,0x000000009c730000] [id=5888]

VM state:not at safepoint (normal execution)

VM Mutex/Monitor currently owned by a thread: None

Heap
 PSYoungGen      total 16192K, used 9101K [0x000000004c5c0000, 0x000000004d9f0000, 0x00000000545c0000)
  eden space 13504K, 47% used [0x000000004c5c0000,0x000000004cc13060,0x000000004d2f0000)
  from space 2688K, 97% used [0x000000004d330000,0x000000004d5c0540,0x000000004d5d0000)
  to   space 3584K, 0% used [0x000000004d670000,0x000000004d670000,0x000000004d9f0000)
 PSOldGen        total 94208K, used 57750K [0x00000000345c0000, 0x000000003a1c0000, 0x000000004c5c0000)
  object space 94208K, 61% used [0x00000000345c0000,0x0000000037e25840,0x000000003a1c0000)
 PSPermGen       total 119872K, used 62602K [0x000000002c5c0000, 0x0000000033ad0000, 0x00000000345c0000)
  object space 119872K, 52% used [0x000000002c5c0000,0x00000000302e2b08,0x0000000033ad0000)

Dynamic libraries:
0x000000013fa10000 - 0x000000013fa42000 	C:\Program Files\MATLAB\R2012a\bin\win64\MATLAB.exe
0x0000000077c00000 - 0x0000000077da9000 	C:\Windows\SYSTEM32\ntdll.dll
0x0000000077520000 - 0x000000007763f000 	C:\Windows\system32\kernel32.dll
0x000007fefe250000 - 0x000007fefe2bc000 	C:\Windows\system32\KERNELBASE.dll
0x0000000074460000 - 0x0000000074554000 	C:\Program Files\MATLAB\R2012a\bin\win64\libut.dll
0x00000000758a0000 - 0x0000000075952000 	C:\Program Files\MATLAB\R2012a\bin\win64\libmwi18n.dll
0x0000000180000000 - 0x000000018000b000 	C:\Program Files\MATLAB\R2012a\bin\win64\libmwresource_core.dll
0x0000000072450000 - 0x0000000072523000 	C:\Windows\WinSxS\amd64_microsoft.vc90.crt_1fc8b3b9a1e18e3b_9.0.30729.6161_none_08e61857a83bc251\MSVCP90.dll
0x00000000723a0000 - 0x0000000072443000 	C:\Windows\WinSxS\amd64_microsoft.vc90.crt_1fc8b3b9a1e18e3b_9.0.30729.6161_none_08e61857a83bc251\MSVCR90.dll
0x000000007a170000 - 0x000000007a19c000 	C:\Program Files\MATLAB\R2012a\bin\win64\boost_filesystem-vc90-mt-1_44.dll
0x000000007a560000 - 0x000000007a569000 	C:\Program Files\MATLAB\R2012a\bin\win64\boost_system-vc90-mt-1_44.dll
0x000007feff910000 - 0x000007feff9eb000 	C:\Windows\system32\ADVAPI32.dll
0x000007fefe7b0000 - 0x000007fefe84f000 	C:\Windows\system32\msvcrt.dll
0x000007fefe9a0000 - 0x000007fefe9bf000 	C:\Windows\SYSTEM32\sechost.dll
0x000007fefe490000 - 0x000007fefe5bd000 	C:\Windows\system32\RPCRT4.dll
0x000000007a010000 - 0x000000007a035000 	C:\Program Files\MATLAB\R2012a\bin\win64\LIBEXPAT.dll
0x0000000068e10000 - 0x0000000069001000 	C:\Program Files\MATLAB\R2012a\bin\win64\icuin44.dll
0x0000000069090000 - 0x0000000069201000 	C:\Program Files\MATLAB\R2012a\bin\win64\icuuc44.dll
0x0000000010000000 - 0x0000000010e41000 	C:\Program Files\MATLAB\R2012a\bin\win64\icudt44.dll
0x0000000073f70000 - 0x00000000740ad000 	C:\Program Files\MATLAB\R2012a\bin\win64\libmwfl.dll
0x0000000004420000 - 0x0000000004716000 	C:\Program Files\MATLAB\R2012a\bin\win64\libmwMATLAB_res.dll
0x000000007a3b0000 - 0x000000007a3c0000 	C:\Program Files\MATLAB\R2012a\bin\win64\boost_date_time-vc90-mt-1_44.dll
0x000000007a250000 - 0x000000007a263000 	C:\Program Files\MATLAB\R2012a\bin\win64\boost_signals-vc90-mt-1_44.dll
0x000000007a2d0000 - 0x000000007a2e2000 	C:\Program Files\MATLAB\R2012a\bin\win64\boost_thread-vc90-mt-1_44.dll
0x0000000000190000 - 0x00000000001d6000 	C:\Program Files\MATLAB\R2012a\bin\win64\tbb.dll
0x000007feff850000 - 0x000007feff869000 	C:\Windows\system32\imagehlp.dll
0x0000000077dc0000 - 0x0000000077dc7000 	C:\Windows\system32\PSAPI.DLL
0x0000000069b30000 - 0x0000000069b43000 	C:\Program Files\MATLAB\R2012a\bin\win64\icuio44.dll
0x000007fef5180000 - 0x000007fef52a5000 	C:\Windows\system32\dbghelp.dll
0x0000000077640000 - 0x000000007773a000 	C:\Windows\system32\USER32.dll
0x000007fefe930000 - 0x000007fefe997000 	C:\Windows\system32\GDI32.dll
0x000007fefe5c0000 - 0x000007fefe5ce000 	C:\Windows\system32\LPK.dll
0x000007feff780000 - 0x000007feff849000 	C:\Windows\system32\USP10.dll
0x000000007bed0000 - 0x000000007c183000 	C:\Program Files\MATLAB\R2012a\bin\win64\libmwservices.dll
0x0000000075a20000 - 0x0000000075ae2000 	C:\Program Files\MATLAB\R2012a\bin\win64\libmx.dll
0x000000007a210000 - 0x000000007a228000 	C:\Program Files\MATLAB\R2012a\bin\win64\zlib1.dll
0x0000000004230000 - 0x0000000004251000 	C:\Program Files\MATLAB\R2012a\bin\win64\libmwmfl_scalar.dll
0x0000000075f10000 - 0x0000000075f5d000 	C:\Program Files\MATLAB\R2012a\bin\win64\mpath.dll
0x000000007b680000 - 0x000000007bbe1000 	C:\Program Files\MATLAB\R2012a\bin\win64\mlutil.dll
0x0000000069ab0000 - 0x0000000069b2f000 	C:\Program Files\MATLAB\R2012a\bin\win64\xmlcore.dll
0x000000007bc30000 - 0x000000007be83000 	C:\Program Files\MATLAB\R2012a\bin\win64\xerces-c_2_7.dll
0x000007fefe430000 - 0x000007fefe47d000 	C:\Windows\system32\WS2_32.dll
0x000007fefe480000 - 0x000007fefe488000 	C:\Windows\system32\NSI.dll
0x00000000042b0000 - 0x00000000042ca000 	C:\Program Files\MATLAB\R2012a\bin\win64\libmwMATLAB_settings_res.dll
0x0000000004720000 - 0x0000000004767000 	C:\Program Files\MATLAB\R2012a\bin\win64\boost_serialization-vc90-mt-1_44.dll
0x000007fefe9c0000 - 0x000007feff748000 	C:\Windows\system32\SHELL32.dll
0x000007feffb10000 - 0x000007feffb81000 	C:\Windows\system32\SHLWAPI.dll
0x000007fef8400000 - 0x000007fef84a0000 	C:\Windows\WinSxS\amd64_microsoft.windows.common-controls_6595b64144ccf1df_5.82.7601.17514_none_a4d6a923711520a9\COMCTL32.dll
0x000007feff870000 - 0x000007feff907000 	C:\Windows\system32\COMDLG32.dll
0x000007fefb050000 - 0x000007fefb066000 	C:\Windows\system32\NETAPI32.dll
0x000007fefb040000 - 0x000007fefb04c000 	C:\Windows\system32\netutils.dll
0x000007fefdb90000 - 0x000007fefdbb3000 	C:\Windows\system32\srvcli.dll
0x000007fefb020000 - 0x000007fefb035000 	C:\Windows\system32\wkscli.dll
0x000007feffb90000 - 0x000007feffd93000 	C:\Windows\system32\ole32.dll
0x000007fefe850000 - 0x000007fefe927000 	C:\Windows\system32\OLEAUT32.dll
0x0000000074970000 - 0x0000000074b06000 	C:\Program Files\MATLAB\R2012a\bin\win64\mcr.dll
0x0000000075000000 - 0x000000007536b000 	C:\Program Files\MATLAB\R2012a\bin\win64\iqm.dll
0x0000000066e20000 - 0x0000000067641000 	C:\Program Files\MATLAB\R2012a\bin\win64\m_interpreter.dll
0x0000000069a80000 - 0x0000000069aa5000 	C:\Program Files\MATLAB\R2012a\bin\win64\libmex.dll
0x0000000068d50000 - 0x0000000068e03000 	C:\Program Files\MATLAB\R2012a\bin\win64\m_dispatcher.dll
0x0000000074880000 - 0x000000007496d000 	C:\Program Files\MATLAB\R2012a\bin\win64\boost_regex-vc90-mt-1_44.dll
0x00000000699f0000 - 0x0000000069a74000 	C:\Program Files\MATLAB\R2012a\bin\win64\profiler.dll
0x00000000047b0000 - 0x0000000004a05000 	C:\Program Files\MATLAB\R2012a\bin\win64\libmwmathutil.dll
0x0000000079f40000 - 0x0000000079f6d000 	C:\Program Files\MATLAB\R2012a\bin\win64\libmwmathrng.dll
0x0000000074c10000 - 0x0000000074ced000 	C:\Program Files\MATLAB\R2012a\bin\win64\libmwmathcore.dll
0x0000000076160000 - 0x00000000761cb000 	C:\Program Files\MATLAB\R2012a\bin\win64\libmwspmatrix.dll
0x0000000075ea0000 - 0x0000000075f02000 	C:\Program Files\MATLAB\R2012a\bin\win64\libmwcholmod.dll
0x000000007a460000 - 0x000000007a46d000 	C:\Program Files\MATLAB\R2012a\bin\win64\libmwamd.dll
0x000000007a4b0000 - 0x000000007a4bc000 	C:\Program Files\MATLAB\R2012a\bin\win64\libmwcolamd.dll
0x0000000074fb0000 - 0x0000000074fc9000 	C:\Program Files\MATLAB\R2012a\bin\win64\libmwblas.dll
0x0000000069070000 - 0x0000000069082000 	C:\Program Files\MATLAB\R2012a\bin\win64\libmwbinder.dll
0x0000000069060000 - 0x000000006906b000 	C:\Program Files\MATLAB\R2012a\bin\win64\libmwompwrapper.dll
0x0000000068cc0000 - 0x0000000068d46000 	C:\Program Files\MATLAB\R2012a\bin\win64\libmwlapack.dll
0x0000000069030000 - 0x0000000069051000 	C:\Program Files\MATLAB\R2012a\bin\win64\m_pcodeio.dll
0x0000000079b10000 - 0x0000000079b77000 	C:\Program Files\MATLAB\R2012a\bin\win64\m_ir.dll
0x0000000068510000 - 0x0000000068b60000 	C:\Program Files\MATLAB\R2012a\bin\win64\m_parser.dll
0x0000000069010000 - 0x000000006902a000 	C:\Program Files\MATLAB\R2012a\bin\win64\ir_xfmr.dll
0x0000000068290000 - 0x0000000068509000 	C:\Program Files\MATLAB\R2012a\bin\win64\mcos.dll
0x0000000072730000 - 0x000000007273c000 	C:\Program Files\MATLAB\R2012a\bin\win64\mtok.dll
0x0000000068c80000 - 0x0000000068cb1000 	C:\Program Files\MATLAB\R2012a\bin\win64\m_pcodegen.dll
0x0000000079fb0000 - 0x0000000079fe7000 	C:\Program Files\MATLAB\R2012a\bin\win64\libmwbridge.dll
0x00000000681c0000 - 0x0000000068288000 	C:\Program Files\MATLAB\R2012a\bin\win64\udd.dll
0x0000000066cc0000 - 0x0000000066e12000 	C:\Program Files\MATLAB\R2012a\bin\win64\libmwgui.dll
0x0000000068c60000 - 0x0000000068c77000 	C:\Program Files\MATLAB\R2012a\bin\win64\graphics_util.dll
0x0000000065480000 - 0x0000000065e23000 	C:\Program Files\MATLAB\R2012a\bin\win64\hg.dll
0x0000000004b80000 - 0x0000000004be7000 	C:\Program Files\MATLAB\R2012a\bin\win64\libmat.dll
0x0000000072d30000 - 0x0000000072f44000 	C:\Program Files\MATLAB\R2012a\bin\win64\hdf5dll.dll
0x0000000075710000 - 0x00000000757c1000 	C:\Program Files\MATLAB\R2012a\bin\win64\jmi.dll
0x0000000004c20000 - 0x0000000004c2e000 	C:\Program Files\MATLAB\R2012a\bin\win64\nativejava_services.dll
0x0000000068c10000 - 0x0000000068c52000 	C:\Program Files\MATLAB\R2012a\bin\win64\libmwhardcopy.dll
0x0000000068160000 - 0x00000000681ba000 	C:\Program Files\MATLAB\R2012a\bin\win64\libuij.dll
0x0000000066ab0000 - 0x0000000066cbc000 	C:\Program Files\MATLAB\R2012a\bin\win64\hgdatatypes.dll
0x00000000679e0000 - 0x0000000067add000 	C:\Program Files\MATLAB\R2012a\bin\win64\hgutils.dll
0x0000000067b50000 - 0x0000000067c0d000 	C:\Program Files\MATLAB\R2012a\bin\win64\udd_mi.dll
0x0000000004c90000 - 0x0000000004ccb000 	C:\Program Files\MATLAB\R2012a\bin\win64\libmwgbtutils.dll
0x0000000004ce0000 - 0x0000000004cf9000 	C:\Program Files\MATLAB\R2012a\bin\win64\libmwgbt.dll
0x0000000004d10000 - 0x0000000004fda000 	C:\Program Files\MATLAB\R2012a\bin\win64\uiw.dll
0x0000000068c00000 - 0x0000000068c0f000 	C:\Program Files\MATLAB\R2012a\bin\win64\uinone.dll
0x000007fef78a0000 - 0x000007fef78b8000 	C:\Windows\system32\MPR.dll
0x0000000064f90000 - 0x0000000065474000 	C:\Windows\WinSxS\amd64_microsoft.vc90.mfc_1fc8b3b9a1e18e3b_9.0.30729.6161_none_044aad0bab1eb146\mfc90.dll
0x000007fef8f90000 - 0x000007fef8f97000 	C:\Windows\system32\MSIMG32.dll
0x000007fef8380000 - 0x000007fef83f1000 	C:\Windows\system32\WINSPOOL.DRV
0x0000000068140000 - 0x0000000068160000 	C:\Program Files\MATLAB\R2012a\bin\win64\mwoles05.DLL
0x0000000064f10000 - 0x0000000064f8c000 	C:\Program Files\MATLAB\R2012a\bin\win64\comcli.dll
0x00000000722f0000 - 0x000000007231f000 	C:\Windows\WinSxS\amd64_microsoft.vc90.atl_1fc8b3b9a1e18e3b_9.0.30729.6161_none_0a1fd3a3a768b895\ATL90.DLL
0x0000000068bf0000 - 0x0000000068bfc000 	C:\Program Files\MATLAB\R2012a\bin\win64\mlautoregister.dll
0x0000000005030000 - 0x0000000005040000 	C:\Program Files\MATLAB\R2012a\bin\win64\boost_iostreams-vc90-mt-1_44.dll
0x000007feff750000 - 0x000007feff77e000 	C:\Windows\system32\IMM32.DLL
0x000007feffda0000 - 0x000007feffea9000 	C:\Windows\system32\MSCTF.dll
0x000007fefe020000 - 0x000007fefe060000 	C:\Windows\system32\nvinitx.dll
0x000000000f000000 - 0x000000000f006000 	C:\Program Files\NVIDIA Corporation\CoProcManager\_etoured.dll
0x000007fefcb20000 - 0x000007fefcb74000 	C:\Program Files\NVIDIA Corporation\CoProcManager\nvd3d9wrapx.dll
0x000007fefe5d0000 - 0x000007fefe7a7000 	C:\Windows\system32\SETUPAPI.dll
0x000007fefe1b0000 - 0x000007fefe1e6000 	C:\Windows\system32\CFGMGR32.dll
0x000007fefe1f0000 - 0x000007fefe20a000 	C:\Windows\system32\DEVOBJ.dll
0x000007fefcb90000 - 0x000007fefcbd3000 	C:\Program Files\NVIDIA Corporation\CoProcManager\nvdxgiwrapx.dll
0x000007fefac30000 - 0x000007fefac86000 	C:\Windows\system32\UxTheme.dll
0x000007fefa510000 - 0x000007fefa528000 	C:\Windows\system32\dwmapi.dll
0x00000000734f0000 - 0x00000000734fd000 	C:\Windows\WinSxS\amd64_microsoft.vc90.mfcloc_1fc8b3b9a1e18e3b_9.0.30729.6161_none_01c9581e60cbee58\MFC90ENU.DLL
0x00000000052f0000 - 0x0000000005319000 	C:\Program Files\MATLAB\R2012a\bin\win64\tbbmalloc.dll
0x0000000078870000 - 0x0000000078ecd000 	C:\Program Files\MATLAB\R2012a\sys\java\jre\win64\jre\bin\server\jvm.dll
0x000007fefa8b0000 - 0x000007fefa8eb000 	C:\Windows\system32\WINMM.dll
0x000007fefe060000 - 0x000007fefe06f000 	C:\Windows\system32\profapi.dll
0x000007fefba20000 - 0x000007fefba47000 	C:\Windows\system32\iphlpapi.dll
0x000007fefba00000 - 0x000007fefba0b000 	C:\Windows\system32\WINNSI.DLL
0x000007fefd710000 - 0x000007fefd76b000 	C:\Windows\system32\DNSAPI.dll
0x000007fefb810000 - 0x000007fefb828000 	C:\Windows\system32\dhcpcsvc.DLL
0x000007fefb7f0000 - 0x000007fefb801000 	C:\Windows\system32\dhcpcsvc6.DLL

VM Arguments:
jvm_args: -Xss512k -XX:PermSize=32m -Xms64m -XX:NewRatio=3 -XX:MaxPermSize=128m -Xmx512m -XX:MaxDirectMemorySize=2147400000 -Dsun.java2d.noddraw=true -Dsun.awt.nopixfmt=true -Xshare:off -Xrs -Dsun.awt.disableMixing=true -Djava.library.path=C:\Program Files\MATLAB\R2012a\bin\win64 vfprintf abort 
java_command: <unknown>
Launcher Type: generic

Environment Variables:
PATH=C:\Program Files (x86)\NVIDIA Corporation\PhysX\Common;C:\Program Files\Common Files\Microsoft Shared\Windows Live;C:\Program Files (x86)\Common Files\Microsoft Shared\Windows Live;C:\Windows\system32;C:\Windows;C:\Windows\System32\Wbem;C:\Windows\System32\WindowsPowerShell\v1.0\;C:\Program Files (x86)\Windows Live\Shared;C:\Program Files\MATLAB\R2012a\runtime\win64;C:\Program Files\MATLAB\R2012a\bin;C:\Program Files (x86)\Graphviz 2.28\bin;C:\Program Files (x86)\SSH Communications Security\SSH Secure Shell;C:\MiKTeX\miktex\bin\;C:\Program Files\Java\jdk1.7.0_05\bin
USERNAME=Jason
OS=Windows_NT
PROCESSOR_IDENTIFIER=Intel64 Family 6 Model 42 Stepping 7, GenuineIntel



---------------  S Y S T E M  ---------------

OS: Windows 7 Build 7601 Service Pack 1

CPU:total 8 (8 cores per cpu, 2 threads per core) family 6 model 42 stepping 7, cmov, cx8, fxsr, mmx, sse, sse2, sse3, ssse3, sse4.1, sse4.2, ht

Memory: 4k page, physical 6194236k(3874980k free), swap 12386620k(9283480k free)

vm_info: Java HotSpot(TM) 64-Bit Server VM (14.3-b01) for windows-amd64 JRE (1.6.0_17-b04), built on Oct 11 2009 00:46:08 by "java_re" with MS VC++ 8.0

time: Tue Jul 17 13:39:38 2012
elapsed time: 4600 seconds

